<?xml version="1.0" encoding="UTF-8"?>
<!-- Generated by org.testng.reporters.JUnitReportReporter -->
<testsuite hostname="DESKTOP-2NRT0T1" failures="0" tests="20" name="com.emp.test_cases.Admin.Page_2_Employee_Test" time="813.402" errors="3" timestamp="2022-12-28T16:34:06 IST" skipped="0">
  <testcase classname="com.emp.test_cases.Admin.Page_2_Employee_Test" name="Register_Employee" time="85.277">
    <error message="Cannot locate option with value: Testing
For documentation on this error, please visit: https://selenium.dev/exceptions/#no_such_element
Build info: version: &#039;4.4.0&#039;, revision: &#039;e5c75ed026a&#039;
System info: host: &#039;DESKTOP-2NRT0T1&#039;, ip: &#039;10.20.87.8&#039;, os.name: &#039;Windows 10&#039;, os.arch: &#039;amd64&#039;, os.version: &#039;10.0&#039;, java.version: &#039;17.0.5&#039;
Driver info: driver.version: unknown" type="org.openqa.selenium.NoSuchElementException">
      <![CDATA[org.openqa.selenium.NoSuchElementException: Cannot locate option with value: Testing
For documentation on this error, please visit: https://selenium.dev/exceptions/#no_such_element
Build info: version: '4.4.0', revision: 'e5c75ed026a'
System info: host: 'DESKTOP-2NRT0T1', ip: '10.20.87.8', os.name: 'Windows 10', os.arch: 'amd64', os.version: '10.0', java.version: '17.0.5'
Driver info: driver.version: unknown
at org.openqa.selenium.support.ui.Select.findOptionsByValue(Select.java:287)
at org.openqa.selenium.support.ui.Select.selectByValue(Select.java:190)
at com.emp.qa.util.Helpers.selectDropDownValue(Helpers.java:242)
at com.emp.qa.pages.Admin.Page_2__Employee.Register_Employee(Page_2__Employee.java:213)
at com.emp.test_cases.Admin.Page_2_Employee_Test.Register_Employee(Page_2_Employee_Test.java:25)
at java.base/jdk.internal.reflect.NativeMethodAccessorImpl.invoke0(Native Method)
at java.base/jdk.internal.reflect.NativeMethodAccessorImpl.invoke(NativeMethodAccessorImpl.java:77)
at java.base/jdk.internal.reflect.DelegatingMethodAccessorImpl.invoke(DelegatingMethodAccessorImpl.java:43)
at java.base/java.lang.reflect.Method.invoke(Method.java:568)
at org.testng.internal.MethodInvocationHelper.invokeMethod(MethodInvocationHelper.java:133)
at org.testng.internal.TestInvoker.invokeMethod(TestInvoker.java:598)
at org.testng.internal.TestInvoker.invokeTestMethod(TestInvoker.java:173)
at org.testng.internal.MethodRunner.runInSequence(MethodRunner.java:46)
at org.testng.internal.TestInvoker$MethodInvocationAgent.invoke(TestInvoker.java:824)
at org.testng.internal.TestInvoker.invokeTestMethods(TestInvoker.java:146)
at org.testng.internal.TestMethodWorker.invokeTestMethods(TestMethodWorker.java:146)
at org.testng.internal.TestMethodWorker.run(TestMethodWorker.java:128)
at java.base/java.util.ArrayList.forEach(ArrayList.java:1511)
at org.testng.TestRunner.privateRun(TestRunner.java:794)
at org.testng.TestRunner.run(TestRunner.java:596)
at org.testng.SuiteRunner.runTest(SuiteRunner.java:377)
at org.testng.SuiteRunner.runSequentially(SuiteRunner.java:371)
at org.testng.SuiteRunner.privateRun(SuiteRunner.java:332)
at org.testng.SuiteRunner.run(SuiteRunner.java:276)
at org.testng.SuiteRunnerWorker.runSuite(SuiteRunnerWorker.java:53)
at org.testng.SuiteRunnerWorker.run(SuiteRunnerWorker.java:96)
at org.testng.TestNG.runSuitesSequentially(TestNG.java:1212)
at org.testng.TestNG.runSuitesLocally(TestNG.java:1134)
at org.testng.TestNG.runSuites(TestNG.java:1063)
at org.testng.TestNG.run(TestNG.java:1031)
at org.testng.remote.AbstractRemoteTestNG.run(AbstractRemoteTestNG.java:115)
at org.testng.remote.RemoteTestNG.initAndRun(RemoteTestNG.java:251)
at org.testng.remote.RemoteTestNG.main(RemoteTestNG.java:77)
]]>
    </error>
  </testcase> <!-- Register_Employee -->
  <system-out>
    <![CDATA[<B><font color = 'blue'>Step1 .</font></B> Clicked on Employee_Details  Sub-Module 
<B><font color = 'blue'>Step2 .</font></B> Clicked  on Register_Employee Button
<B><font color = 'blue'>Step3 .</font></B> Clicked on First_name text space & Enter Employee Frist Name
<B><font color = 'blue'>Step4 .</font></B> Clicked  on Last_name text space & Enter Employee Last name 
<B><font color = 'blue'>Step5 .</font></B> Clicked on email Text space & Enter Employee  email-ID 
<B><font color = 'blue'>Step6 .</font></B> Clicked on password text space & Enter password 
<B><font color = 'blue'>Step7 .</font></B> Clicked on confirm_password text space & Enter confirm_password
<B><font color = 'blue'>Step8 .</font></B> Clicked on Mobile_number text space & Enter Employee Phone number
<B><font color = 'blue'>Step9 .</font></B> Clicked on Employee_code text space & Enter Employee code 
<B><font color = 'blue'>Step10 .</font></B> Clicked on Location Drop down & select Any location
<B><font color = 'blue'>Step11.</font></B> Clicked on Role Drop down &  Select  Any Role ]]>
  </system-out>
  <testcase classname="com.emp.test_cases.Admin.Page_2_Employee_Test" name="Activated_suspended_Employee" time="32.157"/>
  <system-out>
    <![CDATA[<B><font color = 'blue'>Step1 .</font></B> clicked on Employee Module and Selected Employee Details Sub-Module 
<B><font color = 'blue'>Step2 .</font></B> clicked on Suspended Employees Button
<B><font color = 'blue'>Step3 .</font></B> Selected  All Suspended Employees  Check Box's
<B><font color = 'blue'>Step4 .</font></B> clicked on Active Button
<B><font color = 'blue'>Step5 .</font></B> Activated Employees and clicked on Active Button  ]]>
  </system-out>
  <testcase classname="com.emp.test_cases.Admin.Page_2_Employee_Test" name="Adding_Filter_Module" time="35.756"/>
  <system-out>
    <![CDATA[<B><font color = 'blue'>Step1 .</font></B> clicked on Employee Module and Selected Employee Details Sub-Module 
<B><font color = 'blue'>Step2 .</font></B> clicked on Export Button
<B><font color = 'blue'>Step3 .</font></B> Clicked on Select All check Box option
<B><font color = 'blue'>Step4 .</font></B> clicked on Submit button
<B><font color = 'blue'> .</font></B>  First Name
<B><font color = 'blue'> .</font></B>  Last Name
<B><font color = 'blue'> .</font></B>  Full Name
<B><font color = 'blue'> .</font></B>  UserName
<B><font color = 'blue'> .</font></B>  Email
<B><font color = 'blue'> .</font></B>  Employee Code
<B><font color = 'blue'> .</font></B>  Employee Unique Id
<B><font color = 'blue'> .</font></B>  Password
<B><font color = 'blue'> .</font></B>  Location
<B><font color = 'blue'> .</font></B>  Department
<B><font color = 'blue'> .</font></B>  Address
<B><font color = 'blue'> .</font></B>  Date of Join
<B><font color = 'blue'> .</font></B>  Phone
<B><font color = 'blue'> .</font></B>  Country Code
<B><font color = 'blue'> .</font></B>  Timezone
<B><font color = 'blue'> .</font></B>  Shift Name
<B><font color = 'blue'> .</font></B>  Track-User-Setting
<B><font color = 'blue'> .</font></B>  Computer name
<B><font color = 'blue'> .</font></B>  Version
<B><font color = 'blue'> .</font></B>  Role
<B><font color = 'blue'> .</font></B>  Manager
<B><font color = 'blue'> .</font></B>  Team Lead
<B><font color = 'blue'> .</font></B>  HR
<B><font color = 'blue'> .</font></B>  software engineer
<B><font color = 'blue'> .</font></B>  tester
<B><font color = 'blue'> .</font></B>  AutomationCode51
<B><font color = 'blue'> .</font></B>  AutomationCode1
<B><font color = 'blue'> .</font></B>  AutomationCode91
<B><font color = 'blue'> .</font></B>  Kaveri
<B><font color = 'blue'> .</font></B>  id
<B><font color = 'blue'> .</font></B>  Kaveri id
<B><font color = 'blue'> .</font></B>  
<B><font color = 'blue'> .</font></B>  kaveri123@gmail.com
<B><font color = 'blue'> .</font></B>  1234
<B><font color = 'blue'> .</font></B>  kaveri123@gmail.com
<B><font color = 'blue'> .</font></B>  kaveri123@gmail.com
<B><font color = 'blue'> .</font></B>  Bangalore
<B><font color = 'blue'> .</font></B>  testing
<B><font color = 'blue'> .</font></B>  
<B><font color = 'blue'> .</font></B>  
<B><font color = 'blue'> .</font></B>  
<B><font color = 'blue'> .</font></B>  
<B><font color = 'blue'> .</font></B>  (UTC +05:30) Kolkata, Asia
<B><font color = 'blue'> .</font></B>  
<B><font color = 'blue'> .</font></B>  Custom
<B><font color = 'blue'> .</font></B>  GLB-BAN-007-PC
<B><font color = 'blue'> .</font></B>  2.0.8
<B><font color = 'blue'> .</font></B>  Employee
<B><font color = 'blue'> .</font></B>  
<B><font color = 'blue'> .</font></B>  
<B><font color = 'blue'> .</font></B>  
<B><font color = 'blue'> .</font></B>  
<B><font color = 'blue'> .</font></B>  
<B><font color = 'blue'> .</font></B>  
<B><font color = 'blue'> .</font></B>  
<B><font color = 'blue'> .</font></B>  
<B><font color = 'blue'> .</font></B>  Emp Demo
<B><font color = 'blue'> .</font></B>  testing
<B><font color = 'blue'> .</font></B>  Emp Demo testing
<B><font color = 'blue'> .</font></B>  
<B><font color = 'blue'> .</font></B>  emp123demo@gmail.com
<B><font color = 'blue'> .</font></B>  32154
<B><font color = 'blue'> .</font></B>  emp123demo@gmail.com
<B><font color = 'blue'> .</font></B>  emp123demo@gmail.com
<B><font color = 'blue'> .</font></B>  Tamilnaduu
<B><font color = 'blue'> .</font></B>  Test and Dev
<B><font color = 'blue'> .</font></B>  4-22.Bangaloue
<B><font color = 'blue'> .</font></B>  2022-05-10
<B><font color = 'blue'> .</font></B>  9852742241
<B><font color = 'blue'> .</font></B>  91
<B><font color = 'blue'> .</font></B>  (UTC +03:00) Antananarivo, Indian
<B><font color = 'blue'> .</font></B>  
<B><font color = 'blue'> .</font></B>  Organaization setting
<B><font color = 'blue'> .</font></B>  
<B><font color = 'blue'> .</font></B>  
<B><font color = 'blue'> .</font></B>  Employee
<B><font color = 'blue'> .</font></B>   emptest123@gmail.com
<B><font color = 'blue'> .</font></B>  
<B><font color = 'blue'> .</font></B>  
<B><font color = 'blue'> .</font></B>  
<B><font color = 'blue'> .</font></B>  
<B><font color = 'blue'> .</font></B>  
<B><font color = 'blue'> .</font></B>  
<B><font color = 'blue'> .</font></B>  
<B><font color = 'blue'> .</font></B>  Test Emp
<B><font color = 'blue'> .</font></B>  Demo
<B><font color = 'blue'> .</font></B>  Test Emp Demo
<B><font color = 'blue'> .</font></B>  
<B><font color = 'blue'> .</font></B>  emptest123@gmail.com
<B><font color = 'blue'> .</font></B>  emp@123
<B><font color = 'blue'> .</font></B>  emptest123@gmail.com
<B><font color = 'blue'> .</font></B>  Emptest123@gmail.com
<B><font color = 'blue'> .</font></B>  mumbaiM
<B><font color = 'blue'> .</font></B>  php
<B><font color = 'blue'> .</font></B>  Delhi - !@#
<B><font color = 'blue'> .</font></B>  2022-12-28
<B><font color = 'blue'> .</font></B>  
<B><font color = 'blue'> .</font></B>  
<B><font color = 'blue'> .</font></B>  (UTC +05:30) Kolkata, Asia
<B><font color = 'blue'> .</font></B>  
<B><font color = 'blue'> .</font></B>  Organaization setting
<B><font color = 'blue'> .</font></B>  
<B><font color = 'blue'> .</font></B>  
<B><font color = 'blue'> .</font></B>  Manager,Employee
<B><font color = 'blue'> .</font></B>  
<B><font color = 'blue'> .</font></B>  
<B><font color = 'blue'> .</font></B>  
<B><font color = 'blue'> .</font></B>  
<B><font color = 'blue'> .</font></B>  
<B><font color = 'blue'> .</font></B>  
<B><font color = 'blue'> .</font></B>  
<B><font color = 'blue'> .</font></B>  
<B><font color = 'blue'> .</font></B>  test
<B><font color = 'blue'> .</font></B>  one
<B><font color = 'blue'> .</font></B>  test one
<B><font color = 'blue'> .</font></B>  
<B><font color = 'blue'> .</font></B>  test@123
<B><font color = 'blue'> .</font></B>  6363
<B><font color = 'blue'> .</font></B>  test@123
<B><font color = 'blue'> .</font></B>  12@#adfk
<B><font color = 'blue'> .</font></B>  Vizag
<B><font color = 'blue'> .</font></B>  Default
<B><font color = 'blue'> .</font></B>  
<B><font color = 'blue'> .</font></B>  
<B><font color = 'blue'> .</font></B>  
<B><font color = 'blue'> .</font></B>  
<B><font color = 'blue'> .</font></B>  (UTC +05:00) Karachi, Asia
<B><font color = 'blue'> .</font></B>  
<B><font color = 'blue'> .</font></B>  Departmentwise setting
<B><font color = 'blue'> .</font></B>  
<B><font color = 'blue'> .</font></B>  
<B><font color = 'blue'> .</font></B>  Employee
<B><font color = 'blue'> .</font></B>   kavss123@gmail.com, emptest123@gmail.com
<B><font color = 'blue'> .</font></B>  
<B><font color = 'blue'> .</font></B>  
<B><font color = 'blue'> .</font></B>  
<B><font color = 'blue'> .</font></B>  
<B><font color = 'blue'> .</font></B>  
<B><font color = 'blue'> .</font></B>  
<B><font color = 'blue'> .</font></B>  
<B><font color = 'blue'> .</font></B>  Kaveri
<B><font color = 'blue'> .</font></B>  dgn
<B><font color = 'blue'> .</font></B>  Kaveri dgn
<B><font color = 'blue'> .</font></B>  
<B><font color = 'blue'> .</font></B>  kavss123@gmail.com
<B><font color = 'blue'> .</font></B>  123
<B><font color = 'blue'> .</font></B>  kavss123@gmail.com
<B><font color = 'blue'> .</font></B>  kavss123@gmail.com
<B><font color = 'blue'> .</font></B>  Default
<B><font color = 'blue'> .</font></B>  Default
<B><font color = 'blue'> .</font></B>   
<B><font color = 'blue'> .</font></B>  2022-12-27
<B><font color = 'blue'> .</font></B>  
<B><font color = 'blue'> .</font></B>  91
<B><font color = 'blue'> .</font></B>  (UTC +05:30) Kolkata, Asia
<B><font color = 'blue'> .</font></B>  
<B><font color = 'blue'> .</font></B>  Organaization setting
<B><font color = 'blue'> .</font></B>  
<B><font color = 'blue'> .</font></B>  
<B><font color = 'blue'> .</font></B>  Employee,Manager
<B><font color = 'blue'> .</font></B>  
<B><font color = 'blue'> .</font></B>  
<B><font color = 'blue'> .</font></B>  
<B><font color = 'blue'> .</font></B>  
<B><font color = 'blue'> .</font></B>  
<B><font color = 'blue'> .</font></B>  
<B><font color = 'blue'> .</font></B>  
<B><font color = 'blue'> .</font></B>  ]]>
  </system-out>
  <testcase classname="com.emp.test_cases.Admin.Page_2_Employee_Test" name="Employee_Role_Update_" time="27.562"/>
  <system-out>
    <![CDATA[<B><font color = 'blue'>Step1 .</font></B> Clicked on Employee Module and Selected  Employee-Details Sub-Module 
<B><font color = 'blue'>Step2.</font></B> Clicked on Scroller view 
<B><font color = 'blue'>Step3.</font></B> Selectd Any Employee and Clicked on Updated Role Drop-down
<B><font color = 'blue'>Step4.</font></B> Clicked on  Any Role
<B><font color = 'blue'>Step5.</font></B> Clicked on Yes_Button]]>
  </system-out>
  <testcase classname="com.emp.test_cases.Admin.Page_2_Employee_Test" name="Employee_Assigned" time="28.450">
    <error message="no such element: Unable to locate element: {&quot;method&quot;:&quot;xpath&quot;,&quot;selector&quot;:&quot;//*[@id=&#039;CompletRoles1&#039;]/option[@id=&#039;560&#039;]&quot;}
  (Session info: chrome=108.0.5359.125)
For documentation on this error, please visit: https://selenium.dev/exceptions/#no_such_element
Build info: version: &#039;4.4.0&#039;, revision: &#039;e5c75ed026a&#039;
System info: host: &#039;DESKTOP-2NRT0T1&#039;, ip: &#039;10.20.87.8&#039;, os.name: &#039;Windows 10&#039;, os.arch: &#039;amd64&#039;, os.version: &#039;10.0&#039;, java.version: &#039;17.0.5&#039;
Driver info: org.openqa.selenium.chrome.ChromeDriver
Command: [10345b7c4ac23d3465e04fd294745bd0, findElement {using=xpath, value=//*[@id=&#039;CompletRoles1&#039;]/option[@id=&#039;560&#039;]}]
Capabilities {acceptInsecureCerts: false, browserName: chrome, browserVersion: 108.0.5359.125, chrome: {chromedriverVersion: 108.0.5359.71 (1e0e3868ee06..., userDataDir: C:\Users\GLB-BL~1\AppData\L...}, goog:chromeOptions: {debuggerAddress: localhost:63132}, networkConnectionEnabled: false, pageLoadStrategy: normal, platformName: WINDOWS, proxy: Proxy(), se:cdp: ws://localhost:63132/devtoo..., se:cdpVersion: 108.0.5359.125, setWindowRect: true, strictFileInteractability: false, timeouts: {implicit: 0, pageLoad: 300000, script: 30000}, unhandledPromptBehavior: dismiss and notify, webauthn:extension:credBlob: true, webauthn:extension:largeBlob: true, webauthn:virtualAuthenticators: true}
Session ID: 10345b7c4ac23d3465e04fd294745bd0" type="org.openqa.selenium.NoSuchElementException">
      <![CDATA[org.openqa.selenium.NoSuchElementException: no such element: Unable to locate element: {"method":"xpath","selector":"//*[@id='CompletRoles1']/option[@id='560']"}
  (Session info: chrome=108.0.5359.125)
For documentation on this error, please visit: https://selenium.dev/exceptions/#no_such_element
Build info: version: '4.4.0', revision: 'e5c75ed026a'
System info: host: 'DESKTOP-2NRT0T1', ip: '10.20.87.8', os.name: 'Windows 10', os.arch: 'amd64', os.version: '10.0', java.version: '17.0.5'
Driver info: org.openqa.selenium.chrome.ChromeDriver
Command: [10345b7c4ac23d3465e04fd294745bd0, findElement {using=xpath, value=//*[@id='CompletRoles1']/option[@id='560']}]
Capabilities {acceptInsecureCerts: false, browserName: chrome, browserVersion: 108.0.5359.125, chrome: {chromedriverVersion: 108.0.5359.71 (1e0e3868ee06..., userDataDir: C:\Users\GLB-BL~1\AppData\L...}, goog:chromeOptions: {debuggerAddress: localhost:63132}, networkConnectionEnabled: false, pageLoadStrategy: normal, platformName: WINDOWS, proxy: Proxy(), se:cdp: ws://localhost:63132/devtoo..., se:cdpVersion: 108.0.5359.125, setWindowRect: true, strictFileInteractability: false, timeouts: {implicit: 0, pageLoad: 300000, script: 30000}, unhandledPromptBehavior: dismiss and notify, webauthn:extension:credBlob: true, webauthn:extension:largeBlob: true, webauthn:virtualAuthenticators: true}
Session ID: 10345b7c4ac23d3465e04fd294745bd0
at java.base/jdk.internal.reflect.NativeConstructorAccessorImpl.newInstance0(Native Method)
at java.base/jdk.internal.reflect.NativeConstructorAccessorImpl.newInstance(NativeConstructorAccessorImpl.java:77)
at java.base/jdk.internal.reflect.DelegatingConstructorAccessorImpl.newInstance(DelegatingConstructorAccessorImpl.java:45)
at java.base/java.lang.reflect.Constructor.newInstanceWithCaller(Constructor.java:499)
at java.base/java.lang.reflect.Constructor.newInstance(Constructor.java:480)
at org.openqa.selenium.remote.codec.w3c.W3CHttpResponseCodec.createException(W3CHttpResponseCodec.java:200)
at org.openqa.selenium.remote.codec.w3c.W3CHttpResponseCodec.decode(W3CHttpResponseCodec.java:133)
at org.openqa.selenium.remote.codec.w3c.W3CHttpResponseCodec.decode(W3CHttpResponseCodec.java:53)
at org.openqa.selenium.remote.HttpCommandExecutor.execute(HttpCommandExecutor.java:184)
at org.openqa.selenium.remote.service.DriverCommandExecutor.invokeExecute(DriverCommandExecutor.java:167)
at org.openqa.selenium.remote.service.DriverCommandExecutor.execute(DriverCommandExecutor.java:142)
at org.openqa.selenium.remote.RemoteWebDriver.execute(RemoteWebDriver.java:547)
at org.openqa.selenium.remote.ElementLocation$ElementFinder$2.findElement(ElementLocation.java:162)
at org.openqa.selenium.remote.ElementLocation.findElement(ElementLocation.java:60)
at org.openqa.selenium.remote.RemoteWebDriver.findElement(RemoteWebDriver.java:365)
at org.openqa.selenium.remote.RemoteWebDriver.findElement(RemoteWebDriver.java:357)
at org.openqa.selenium.support.pagefactory.DefaultElementLocator.findElement(DefaultElementLocator.java:70)
at org.openqa.selenium.support.pagefactory.internal.LocatingElementHandler.invoke(LocatingElementHandler.java:39)
at jdk.proxy2/jdk.proxy2.$Proxy17.getWrappedElement(Unknown Source)
at org.openqa.selenium.remote.internal.WebElementToJsonConverter.apply(WebElementToJsonConverter.java:51)
at java.base/java.util.stream.ReferencePipeline$3$1.accept(ReferencePipeline.java:197)
at java.base/java.util.Spliterators$ArraySpliterator.forEachRemaining(Spliterators.java:992)
at java.base/java.util.stream.AbstractPipeline.copyInto(AbstractPipeline.java:509)
at java.base/java.util.stream.AbstractPipeline.wrapAndCopyInto(AbstractPipeline.java:499)
at java.base/java.util.stream.ReduceOps$ReduceOp.evaluateSequential(ReduceOps.java:921)
at java.base/java.util.stream.AbstractPipeline.evaluate(AbstractPipeline.java:234)
at java.base/java.util.stream.ReferencePipeline.collect(ReferencePipeline.java:682)
at org.openqa.selenium.remote.RemoteWebDriver.executeScript(RemoteWebDriver.java:478)
at com.emp.qa.util.Helpers.highLightElement(Helpers.java:164)
at com.emp.qa.pages.Admin.Page_2__Employee.Employee_Bulk_Assigned(Page_2__Employee.java:497)
at com.emp.test_cases.Admin.Page_2_Employee_Test.Employee_Assigned(Page_2_Employee_Test.java:70)
at java.base/jdk.internal.reflect.NativeMethodAccessorImpl.invoke0(Native Method)
at java.base/jdk.internal.reflect.NativeMethodAccessorImpl.invoke(NativeMethodAccessorImpl.java:77)
at java.base/jdk.internal.reflect.DelegatingMethodAccessorImpl.invoke(DelegatingMethodAccessorImpl.java:43)
at java.base/java.lang.reflect.Method.invoke(Method.java:568)
at org.testng.internal.MethodInvocationHelper.invokeMethod(MethodInvocationHelper.java:133)
at org.testng.internal.TestInvoker.invokeMethod(TestInvoker.java:598)
at org.testng.internal.TestInvoker.invokeTestMethod(TestInvoker.java:173)
at org.testng.internal.MethodRunner.runInSequence(MethodRunner.java:46)
at org.testng.internal.TestInvoker$MethodInvocationAgent.invoke(TestInvoker.java:824)
at org.testng.internal.TestInvoker.invokeTestMethods(TestInvoker.java:146)
at org.testng.internal.TestMethodWorker.invokeTestMethods(TestMethodWorker.java:146)
at org.testng.internal.TestMethodWorker.run(TestMethodWorker.java:128)
at java.base/java.util.ArrayList.forEach(ArrayList.java:1511)
at org.testng.TestRunner.privateRun(TestRunner.java:794)
at org.testng.TestRunner.run(TestRunner.java:596)
at org.testng.SuiteRunner.runTest(SuiteRunner.java:377)
at org.testng.SuiteRunner.runSequentially(SuiteRunner.java:371)
at org.testng.SuiteRunner.privateRun(SuiteRunner.java:332)
at org.testng.SuiteRunner.run(SuiteRunner.java:276)
at org.testng.SuiteRunnerWorker.runSuite(SuiteRunnerWorker.java:53)
at org.testng.SuiteRunnerWorker.run(SuiteRunnerWorker.java:96)
at org.testng.TestNG.runSuitesSequentially(TestNG.java:1212)
at org.testng.TestNG.runSuitesLocally(TestNG.java:1134)
at org.testng.TestNG.runSuites(TestNG.java:1063)
at org.testng.TestNG.run(TestNG.java:1031)
at org.testng.remote.AbstractRemoteTestNG.run(AbstractRemoteTestNG.java:115)
at org.testng.remote.RemoteTestNG.initAndRun(RemoteTestNG.java:251)
at org.testng.remote.RemoteTestNG.main(RemoteTestNG.java:77)
]]>
    </error>
  </testcase> <!-- Employee_Assigned -->
  <system-out>
    <![CDATA[<B><font color = 'blue'>Step1 .</font></B> Clicked on Employe Module and Selected  Employee_Details Sub-Module 
<B><font color = 'blue'>Step2.</font></B> Clicked on Selcted Any Employees  
<B><font color = 'blue'>Step3.</font></B> Clicked on   Assign_Manger/TL  Button  
<B><font color = 'blue'>Step4.</font></B> Clicked on  Role Drop-down and Select Any Role ]]>
  </system-out>
  <testcase classname="com.emp.test_cases.Admin.Page_2_Employee_Test" name="Employee_Details_Filter" time="43.394"/>
  <system-out>
    <![CDATA[<B><font color = 'blue'>Step1 .</font></B> Clicked on Employee Module and Selected  Employee_Details Sub-Module 
<B><font color = 'blue'>Step2 .</font></B> Clicked on Employee Details filter
<B><font color = 'blue'>Step3 .</font></B> Clicked on Employee_Details_filter Email Option 
<B><font color = 'blue'>Step4 .</font></B> Clicked on Employee_Details_filter Location option
<B><font color = 'blue'>Step5 .</font></B> Clicked on Employee_Details_filter Department option 
<B><font color = 'blue'>Step6 .</font></B> Clicked on Employee_Details_filter Role Option 
<B><font color = 'blue'>Step7 .</font></B> Clicked on Employee_Details_filter Empcode Option 
<B><font color = 'blue'>Step8 .</font></B> Clicked on Employee_Details_filter Computer-name Option 
<B><font color = 'blue'>Step9.</font></B> Clicked on Employee_Details_filter version Option ]]>
  </system-out>
  <testcase classname="com.emp.test_cases.Admin.Page_2_Employee_Test" name="Employees_Details" time="27.749"/>
  <system-out>
    <![CDATA[<B><font color = 'blue'>Step1 .</font></B> Clicked on Employee Module and Selected  Employee_Details Sub-Module 
<B><font color = 'blue'>Step2 .</font></B> Clicked on Active_Button
<B><font color = 'blue'>Step3 .</font></B> Clicked on Suspended_Button
<B><font color = 'blue'>Step4 .</font></B> Clicked on DeletedusersHistory_Button
<B><font color = 'blue'>Step5 .</font></B> Clicked on close_Button]]>
  </system-out>
  <testcase classname="com.emp.test_cases.Admin.Page_2_Employee_Test" name="Employee_Full_Details" time="43.372"/>
  <system-out>
    <![CDATA[<B><font color = 'blue'>Step1 .</font></B> Clicked on Employee Module and Selected  Employee-Details Sub-Module 
<B><font color = 'blue'>Step2 .</font></B> Clicked on Show-Entries Drop-down and Selected Any Value
<B><font color = 'blue'>Step3 .</font></B> Clicked on Any Employee
<B><font color = 'blue'>Step4 .</font></B> Clicked on productivity Button
<B><font color = 'blue'>Step5.</font></B> Clicked on Timesheets_Button 
<B><font color = 'blue'>Step6 .</font></B> Clicked on Screenshots Button
<B><font color = 'blue'>Step7.</font></B> Clicked on Web History Button
<B><font color = 'blue'>Step8.</font></B> Clicked on App-History Button
<B><font color = 'blue'>Step9.</font></B> Click on Keystrokes Button]]>
  </system-out>
  <testcase classname="com.emp.test_cases.Admin.Page_2_Employee_Test" name="Employee_Role_Update" time="42.017"/>
  <system-out>
    <![CDATA[<B><font color = 'blue'>Step1 .</font></B> Clicked on Employee Module and Selected  Employee-Details Sub-Module 
<B><font color = 'blue'>Step2 .</font></B> Clicked on Scroller 
<B><font color = 'blue'>Step3 .</font></B> Clicked on Update-Role Button
<B><font color = 'blue'>Step4 .</font></B> Clicked on Update_Role-SaveButton
<B><font color = 'blue'>Step5 .</font></B> Clicked on Emloyee Full-Details
<B><font color = 'blue'>Step6 .</font></B> Clicked on Employee-Edit Button
<B><font color = 'blue'>Step7 .</font></B> Clicked on Exit Button]]>
  </system-out>
  <testcase classname="com.emp.test_cases.Admin.Page_2_Employee_Test" name="Register_employee_and_Tracking_User_Settings" time="31.610">
    <error message="Cannot locate option with value: Testing
For documentation on this error, please visit: https://selenium.dev/exceptions/#no_such_element
Build info: version: &#039;4.4.0&#039;, revision: &#039;e5c75ed026a&#039;
System info: host: &#039;DESKTOP-2NRT0T1&#039;, ip: &#039;10.20.87.8&#039;, os.name: &#039;Windows 10&#039;, os.arch: &#039;amd64&#039;, os.version: &#039;10.0&#039;, java.version: &#039;17.0.5&#039;
Driver info: driver.version: unknown" type="org.openqa.selenium.NoSuchElementException">
      <![CDATA[org.openqa.selenium.NoSuchElementException: Cannot locate option with value: Testing
For documentation on this error, please visit: https://selenium.dev/exceptions/#no_such_element
Build info: version: '4.4.0', revision: 'e5c75ed026a'
System info: host: 'DESKTOP-2NRT0T1', ip: '10.20.87.8', os.name: 'Windows 10', os.arch: 'amd64', os.version: '10.0', java.version: '17.0.5'
Driver info: driver.version: unknown
at org.openqa.selenium.support.ui.Select.findOptionsByValue(Select.java:287)
at org.openqa.selenium.support.ui.Select.selectByValue(Select.java:190)
at com.emp.qa.util.Helpers.selectDropDownValue(Helpers.java:242)
at com.emp.qa.pages.Admin.Page_2__Employee.TrackingUserSettingsPage(Page_2__Employee.java:1602)
at com.emp.test_cases.Admin.Page_2_Employee_Test.Register_employee_and_Tracking_User_Settings(Page_2_Employee_Test.java:126)
at java.base/jdk.internal.reflect.NativeMethodAccessorImpl.invoke0(Native Method)
at java.base/jdk.internal.reflect.NativeMethodAccessorImpl.invoke(NativeMethodAccessorImpl.java:77)
at java.base/jdk.internal.reflect.DelegatingMethodAccessorImpl.invoke(DelegatingMethodAccessorImpl.java:43)
at java.base/java.lang.reflect.Method.invoke(Method.java:568)
at org.testng.internal.MethodInvocationHelper.invokeMethod(MethodInvocationHelper.java:133)
at org.testng.internal.TestInvoker.invokeMethod(TestInvoker.java:598)
at org.testng.internal.TestInvoker.invokeTestMethod(TestInvoker.java:173)
at org.testng.internal.MethodRunner.runInSequence(MethodRunner.java:46)
at org.testng.internal.TestInvoker$MethodInvocationAgent.invoke(TestInvoker.java:824)
at org.testng.internal.TestInvoker.invokeTestMethods(TestInvoker.java:146)
at org.testng.internal.TestMethodWorker.invokeTestMethods(TestMethodWorker.java:146)
at org.testng.internal.TestMethodWorker.run(TestMethodWorker.java:128)
at java.base/java.util.ArrayList.forEach(ArrayList.java:1511)
at org.testng.TestRunner.privateRun(TestRunner.java:794)
at org.testng.TestRunner.run(TestRunner.java:596)
at org.testng.SuiteRunner.runTest(SuiteRunner.java:377)
at org.testng.SuiteRunner.runSequentially(SuiteRunner.java:371)
at org.testng.SuiteRunner.privateRun(SuiteRunner.java:332)
at org.testng.SuiteRunner.run(SuiteRunner.java:276)
at org.testng.SuiteRunnerWorker.runSuite(SuiteRunnerWorker.java:53)
at org.testng.SuiteRunnerWorker.run(SuiteRunnerWorker.java:96)
at org.testng.TestNG.runSuitesSequentially(TestNG.java:1212)
at org.testng.TestNG.runSuitesLocally(TestNG.java:1134)
at org.testng.TestNG.runSuites(TestNG.java:1063)
at org.testng.TestNG.run(TestNG.java:1031)
at org.testng.remote.AbstractRemoteTestNG.run(AbstractRemoteTestNG.java:115)
at org.testng.remote.RemoteTestNG.initAndRun(RemoteTestNG.java:251)
at org.testng.remote.RemoteTestNG.main(RemoteTestNG.java:77)
]]>
    </error>
  </testcase> <!-- Register_employee_and_Tracking_User_Settings -->
  <system-out>
    <![CDATA[<B><font color = 'blue'>Step1 .</font></B> Clicked on Employee Module and Slected Employee-Details Sub-Module 
<B><font color = 'blue'>Step2 .</font></B> Clicked on Register-Employee Button
<B><font color = 'blue'>Step3 .</font></B> Clicked on First-Name Text Field and Enter Employee First Name 
<B><font color = 'blue'>Step4 .</font></B> Clicked on Last-Name Text Field and Enter Employee  Last Name
<B><font color = 'blue'>Step5 .</font></B> Clicked on E-mail Text Field and Entered Employee E-mail
<B><font color = 'blue'>Step6 .</font></B> Clicked on Password Text Field and Entered Password
<B><font color = 'blue'>Step7 .</font></B> Clicked on confirm_Password Text Field and Entered confirm_Password
<B><font color = 'blue'>Step8 .</font></B> Clicked on Mobile_number Text Field and Entered Employee Mobile_number
<B><font color = 'blue'>Step9 .</font></B> Clicked on Employee_Code Text Field and Entered Employee_Code
<B><font color = 'blue'>Step10 .</font></B> Clicked on Location Drop-down and Selected Any Location
<B><font color = 'blue'>Step11.</font></B> Clicked on Role Drop-down and Selected Any Role ]]>
  </system-out>
  <testcase classname="com.emp.test_cases.Admin.Page_2_Employee_Test" name="Track_User_Settings_Any_Employee" time="43.783"/>
  <system-out>
    <![CDATA[<B><font color = 'blue'>Step1 .</font></B> clicked on Employee Module and Selected  Employee_Details Sub-Module 
<B><font color = 'blue'>Step2.</font></B> clicked on Scroller view 
<B><font color = 'blue'>Step3.</font></B> clicked on Employee Track_user_Settings field 
<B><font color = 'blue'>Step4.</font></B> clicked on Settings_Applied_To_the_user Drop-down and Selcted Any Value 
<B><font color = 'blue'>Step5.</font></B> clicked on Employee  Stealth Button
<B><font color = 'blue'>Step6.</font></B> clicked on Employee Screen-shot Radio Button
<B><font color = 'blue'>Step7.</font></B> clicked on Screenshot Frequency Drop-down
<B><font color = 'blue'>Step8.</font></B> clicked on Twelveper-hour option
<B><font color = 'blue'>Step9.</font></B> clicked on Video-Quality Drop-down
<B><font color = 'blue'>Step10.</font></B> Selected 1080xMediumQuality
<B><font color = 'blue'>Step11.</font></B> clicked on Enabled  Agent_Automatic_Update
<B><font color = 'blue'>Step12.</font></B> clicked on idle-Time Drop-down
<B><font color = 'blue'>Step13.</font></B> clicked on  Fifteen-mins
<B><font color = 'blue'>Step14.</font></B> Cliked on Save Button]]>
  </system-out>
  <testcase classname="com.emp.test_cases.Admin.Page_2_Employee_Test" name="Register_Employees_and_Deleted" time="60.316"/>
  <system-out>
    <![CDATA[<B><font color = 'blue'>Step 1 .</font></B> Clicked on Employee Module  and Clicked Employee Details Sub-Module 
<B><font color = 'blue'>Step 2 .</font></B> Clicked on Bulk_Register Button
<B><font color = 'blue'>Step 3 .</font></B> Clicked on Browse_option Filed and Enter Register Employee Data File Path 
<B><font color = 'blue'>Step 4 .</font></B> Clicked on Add  Button 
<B><font color = 'blue'>Step 5 .</font></B> Selected  Any Employee(Clicking check box) 
<B><font color = 'blue'>Step 6 .</font></B> Selected  Any Employee (Clicking check box)
<B><font color = 'blue'>Step 7 .</font></B> Clicked on Deleted button
<B><font color = 'blue'>Step 8 .</font></B> Clicked on Delete  modal_button
<B><font color = 'blue'>Step 8 .</font></B> Selected Show_entries]]>
  </system-out>
  <testcase classname="com.emp.test_cases.Admin.Page_2_Employee_Test" name="Edit_and_Update_Employee" time="32.981"/>
  <system-out>
    <![CDATA[<B><font color = 'blue'>Step1 .</font></B> Clicked on Employee Module and Selected  Employee-Details Sub-module 
<B><font color = 'blue'>Step2.</font></B> Seelected Any Employee and  Clicked on Edit-Employee Option
<B><font color = 'blue'>Step3.</font></B> Edit  Employee  LastName  
<B><font color = 'blue'>Step4.</font></B> Edited  Employee  Address  
<B><font color = 'blue'>Step5.</font></B>  Clicked on Update-Button]]>
  </system-out>
  <testcase classname="com.emp.test_cases.Admin.Page_2_Employee_Test" name="Bulk_Update_Users_list" time="39.566"/>
  <system-out>
    <![CDATA[<B><font color = 'blue'>Step1 .</font></B> clicked on Employee-Details
<B><font color = 'blue'>Step2 .</font></B> clicked on Bulk-Update Button
<B><font color = 'blue'>Step4 .</font></B> clicked on Download Users list Button and Updated Data  
<B><font color = 'blue'>Step5 .</font></B> clicked on Browse_Button and Enter Employee Data  File Path
<B><font color = 'blue'>Step6 .</font></B> clicked on Update_Button]]>
  </system-out>
  <testcase classname="com.emp.test_cases.Admin.Page_2_Employee_Test" name="Employees_Bulk_Registe" time="60.976"/>
  <system-out>
    <![CDATA[<B><font color = 'blue'>Step 1 .</font></B> Clicked on Employee Module and Selected  Employee-Details Sub-Module 
<B><font color = 'blue'>Step 2 .</font></B> Clicked on Show-Entries Drop-down and Selected Any Value 
<B><font color = 'blue'>Step 6 .</font></B> Clicked on Bulk-Register Button
<B><font color = 'blue'>Step 7 .</font></B> Clicked on Browse Text Field and  Enter Register Employee's Data File Path 
<B><font color = 'blue'>Step 8 .</font></B> Clicked on Add Button
<B><font color = 'blue'>Step 9 .</font></B> Clicked on Roles Drop-down and Selected Any Employee 
<B><font color = 'blue'>Step 10 .</font></B> Clicked on Locations Drop-down ans Selected Any Location 
<B><font color = 'blue'>Step 11 .</font></B> Clicked on Exports Button 
<B><font color = 'blue'>Step 12 .</font></B> Clicked on  Select All Option 
<B><font color = 'blue'>Step 13 .</font></B> Clicked on submit Button ]]>
  </system-out>
  <testcase classname="com.emp.test_cases.Admin.Page_2_Employee_Test" name="Employee_View_Superior_Details" time="26.317"/>
  <system-out>
    <![CDATA[<B><font color = 'blue'>Step1 </font></B> Clicked on Employee Module and Selected Employee Details Sub-Module 
<B><font color = 'blue'>Step2 </font></B> Clicked on Select Any  Employee
<B><font color = 'blue'>Step3 </font></B> Clicked on Employee  superior_Details icon
<B><font color = 'blue'>Step4 </font></B> Clicked on Close Button]]>
  </system-out>
  <testcase classname="com.emp.test_cases.Admin.Page_2_Employee_Test" name="Employee_Attendance" time="46.816"/>
  <system-out>
    <![CDATA[<B><font color = 'blue'>Step1 .</font></B> Clicked on Employee Module and Selected  Employee-Attendance Sub-Module
<B><font color = 'blue'>Step2 .</font></B> Clicked on Show-Entries DropDown and Selected Number
<B><font color = 'blue'>Step3 .</font></B> Clicked on Month-year DropDown and Selected Date
<B><font color = 'blue'>Step4 .</font></B> Clicked on Location_DropDown and Select Any Location 
<B><font color = 'blue'>Step5.</font></B> Clicked on Department_DropDown 
<B><font color = 'blue'>Step6.</font></B> Clicked on Select_list Option (Check Box) 
<B><font color = 'blue'>Step7 .</font></B> Clicked on Export Excel_Button
<B><font color = 'blue'>Step8 .</font></B> Click on Selected Any  Employee
<B><font color = 'blue'>Step9 .</font></B> Clicked on Employee productivity_Button
<B><font color = 'blue'>Step10 .</font></B> Click on Employee Timesheets_Button
<B><font color = 'blue'>Step11.</font></B> Clicked on Employee Screenshots_Button
<B><font color = 'blue'>Step12.</font></B> Clicked on Employee Webhistory_Button
<B><font color = 'blue'>Step13.</font></B> Clicked on Employee AppHistory_Button
<B><font color = 'blue'>Step14.</font></B> Clicked on Employee  Keystrokes Button
<B><font color = 'blue'> .</font></B>  -Employee Name
<B><font color = 'blue'> .</font></B>  -Location
<B><font color = 'blue'> .</font></B>  -Department
<B><font color = 'blue'> .</font></B>  -Employee code
<B><font color = 'blue'> .</font></B>  -1.Thu
<B><font color = 'blue'> .</font></B>  -2.Fri
<B><font color = 'blue'> .</font></B>  -3.Sat
<B><font color = 'blue'> .</font></B>  -4.Sun
<B><font color = 'blue'> .</font></B>  -5.Mon
<B><font color = 'blue'> .</font></B>  -6.Tue
<B><font color = 'blue'> .</font></B>  -7.Wed
<B><font color = 'blue'> .</font></B>  -8.Thu
<B><font color = 'blue'> .</font></B>  -9.Fri
<B><font color = 'blue'> .</font></B>  -10.Sat
<B><font color = 'blue'> .</font></B>  -11.Sun
<B><font color = 'blue'> .</font></B>  -12.Mon
<B><font color = 'blue'> .</font></B>  -13.Tue
<B><font color = 'blue'> .</font></B>  -14.Wed
<B><font color = 'blue'> .</font></B>  -15.Thu
<B><font color = 'blue'> .</font></B>  -16.Fri
<B><font color = 'blue'> .</font></B>  -17.Sat
<B><font color = 'blue'> .</font></B>  -18.Sun
<B><font color = 'blue'> .</font></B>  -19.Mon
<B><font color = 'blue'> .</font></B>  -20.Tue
<B><font color = 'blue'> .</font></B>  -21.Wed
<B><font color = 'blue'> .</font></B>  -22.Thu
<B><font color = 'blue'> .</font></B>  -23.Fri
<B><font color = 'blue'> .</font></B>  -24.Sat
<B><font color = 'blue'> .</font></B>  -25.Sun
<B><font color = 'blue'> .</font></B>  -26.Mon
<B><font color = 'blue'> .</font></B>  -27.Tue
<B><font color = 'blue'> .</font></B>  -28.Wed
<B><font color = 'blue'> .</font></B>  -29.Thu
<B><font color = 'blue'> .</font></B>  -30.Fri
<B><font color = 'blue'> .</font></B>  -31.Sat
<B><font color = 'blue'> .</font></B>  -Present
<B><font color = 'blue'> .</font></B>  -Late
<B><font color = 'blue'> .</font></B>  -Half_leave
<B><font color = 'blue'> .</font></B>  -Absent
<B><font color = 'blue'> .</font></B>  -Overtime
<B><font color = 'blue'> .</font></B>  -Day-Off
<B><font color = 'blue'> .</font></B>  -Kaveri dgn
<B><font color = 'blue'> .</font></B>  -Default
<B><font color = 'blue'> .</font></B>  -Default
<B><font color = 'blue'> .</font></B>  -123
<B><font color = 'blue'> .</font></B>  --
<B><font color = 'blue'> .</font></B>  --
<B><font color = 'blue'> .</font></B>  --
<B><font color = 'blue'> .</font></B>  --
<B><font color = 'blue'> .</font></B>  --
<B><font color = 'blue'> .</font></B>  --
<B><font color = 'blue'> .</font></B>  --
<B><font color = 'blue'> .</font></B>  --
<B><font color = 'blue'> .</font></B>  --
<B><font color = 'blue'> .</font></B>  --
<B><font color = 'blue'> .</font></B>  --
<B><font color = 'blue'> .</font></B>  --
<B><font color = 'blue'> .</font></B>  --
<B><font color = 'blue'> .</font></B>  --
<B><font color = 'blue'> .</font></B>  --
<B><font color = 'blue'> .</font></B>  --
<B><font color = 'blue'> .</font></B>  --
<B><font color = 'blue'> .</font></B>  --
<B><font color = 'blue'> .</font></B>  --
<B><font color = 'blue'> .</font></B>  --
<B><font color = 'blue'> .</font></B>  --
<B><font color = 'blue'> .</font></B>  --
<B><font color = 'blue'> .</font></B>  --
<B><font color = 'blue'> .</font></B>  --
<B><font color = 'blue'> .</font></B>  --
<B><font color = 'blue'> .</font></B>  --
<B><font color = 'blue'> .</font></B>  --
<B><font color = 'blue'> .</font></B>  --
<B><font color = 'blue'> .</font></B>  --
<B><font color = 'blue'> .</font></B>  --
<B><font color = 'blue'> .</font></B>  --
<B><font color = 'blue'> .</font></B>  -0
<B><font color = 'blue'> .</font></B>  -0
<B><font color = 'blue'> .</font></B>  -0
<B><font color = 'blue'> .</font></B>  -0
<B><font color = 'blue'> .</font></B>  -0
<B><font color = 'blue'> .</font></B>  -0
<B><font color = 'blue'> .</font></B>  -test one
<B><font color = 'blue'> .</font></B>  -Vizag
<B><font color = 'blue'> .</font></B>  -Default
<B><font color = 'blue'> .</font></B>  -6363
<B><font color = 'blue'> .</font></B>  --
<B><font color = 'blue'> .</font></B>  --
<B><font color = 'blue'> .</font></B>  --
<B><font color = 'blue'> .</font></B>  --
<B><font color = 'blue'> .</font></B>  --
<B><font color = 'blue'> .</font></B>  --
<B><font color = 'blue'> .</font></B>  --
<B><font color = 'blue'> .</font></B>  --
<B><font color = 'blue'> .</font></B>  --
<B><font color = 'blue'> .</font></B>  --
<B><font color = 'blue'> .</font></B>  --
<B><font color = 'blue'> .</font></B>  --
<B><font color = 'blue'> .</font></B>  --
<B><font color = 'blue'> .</font></B>  --
<B><font color = 'blue'> .</font></B>  --
<B><font color = 'blue'> .</font></B>  --
<B><font color = 'blue'> .</font></B>  --
<B><font color = 'blue'> .</font></B>  --
<B><font color = 'blue'> .</font></B>  --
<B><font color = 'blue'> .</font></B>  --
<B><font color = 'blue'> .</font></B>  --
<B><font color = 'blue'> .</font></B>  --
<B><font color = 'blue'> .</font></B>  --
<B><font color = 'blue'> .</font></B>  --
<B><font color = 'blue'> .</font></B>  --
<B><font color = 'blue'> .</font></B>  --
<B><font color = 'blue'> .</font></B>  --
<B><font color = 'blue'> .</font></B>  --
<B><font color = 'blue'> .</font></B>  --
<B><font color = 'blue'> .</font></B>  --
<B><font color = 'blue'> .</font></B>  --
<B><font color = 'blue'> .</font></B>  -0
<B><font color = 'blue'> .</font></B>  -0
<B><font color = 'blue'> .</font></B>  -0
<B><font color = 'blue'> .</font></B>  -0
<B><font color = 'blue'> .</font></B>  -0
<B><font color = 'blue'> .</font></B>  -0
<B><font color = 'blue'> .</font></B>  -Test Emp Demo
<B><font color = 'blue'> .</font></B>  -mumbaiM
<B><font color = 'blue'> .</font></B>  -php
<B><font color = 'blue'> .</font></B>  -emp@123
<B><font color = 'blue'> .</font></B>  --
<B><font color = 'blue'> .</font></B>  --
<B><font color = 'blue'> .</font></B>  --
<B><font color = 'blue'> .</font></B>  --
<B><font color = 'blue'> .</font></B>  --
<B><font color = 'blue'> .</font></B>  --
<B><font color = 'blue'> .</font></B>  --
<B><font color = 'blue'> .</font></B>  --
<B><font color = 'blue'> .</font></B>  --
<B><font color = 'blue'> .</font></B>  --
<B><font color = 'blue'> .</font></B>  --
<B><font color = 'blue'> .</font></B>  --
<B><font color = 'blue'> .</font></B>  --
<B><font color = 'blue'> .</font></B>  --
<B><font color = 'blue'> .</font></B>  --
<B><font color = 'blue'> .</font></B>  --
<B><font color = 'blue'> .</font></B>  --
<B><font color = 'blue'> .</font></B>  --
<B><font color = 'blue'> .</font></B>  --
<B><font color = 'blue'> .</font></B>  --
<B><font color = 'blue'> .</font></B>  --
<B><font color = 'blue'> .</font></B>  --
<B><font color = 'blue'> .</font></B>  --
<B><font color = 'blue'> .</font></B>  --
<B><font color = 'blue'> .</font></B>  --
<B><font color = 'blue'> .</font></B>  --
<B><font color = 'blue'> .</font></B>  --
<B><font color = 'blue'> .</font></B>  --
<B><font color = 'blue'> .</font></B>  --
<B><font color = 'blue'> .</font></B>  --
<B><font color = 'blue'> .</font></B>  --
<B><font color = 'blue'> .</font></B>  -0
<B><font color = 'blue'> .</font></B>  -0
<B><font color = 'blue'> .</font></B>  -0
<B><font color = 'blue'> .</font></B>  -0
<B><font color = 'blue'> .</font></B>  -0
<B><font color = 'blue'> .</font></B>  -0
<B><font color = 'blue'> .</font></B>  -Emp Demo testing
<B><font color = 'blue'> .</font></B>  -Tamilnaduu
<B><font color = 'blue'> .</font></B>  -Test and Dev
<B><font color = 'blue'> .</font></B>  -32154
<B><font color = 'blue'> .</font></B>  --
<B><font color = 'blue'> .</font></B>  --
<B><font color = 'blue'> .</font></B>  --
<B><font color = 'blue'> .</font></B>  --
<B><font color = 'blue'> .</font></B>  --
<B><font color = 'blue'> .</font></B>  --
<B><font color = 'blue'> .</font></B>  --
<B><font color = 'blue'> .</font></B>  --
<B><font color = 'blue'> .</font></B>  --
<B><font color = 'blue'> .</font></B>  --
<B><font color = 'blue'> .</font></B>  --
<B><font color = 'blue'> .</font></B>  --
<B><font color = 'blue'> .</font></B>  --
<B><font color = 'blue'> .</font></B>  --
<B><font color = 'blue'> .</font></B>  --
<B><font color = 'blue'> .</font></B>  --
<B><font color = 'blue'> .</font></B>  --
<B><font color = 'blue'> .</font></B>  --
<B><font color = 'blue'> .</font></B>  --
<B><font color = 'blue'> .</font></B>  --
<B><font color = 'blue'> .</font></B>  --
<B><font color = 'blue'> .</font></B>  --
<B><font color = 'blue'> .</font></B>  --
<B><font color = 'blue'> .</font></B>  --
<B><font color = 'blue'> .</font></B>  --
<B><font color = 'blue'> .</font></B>  --
<B><font color = 'blue'> .</font></B>  --
<B><font color = 'blue'> .</font></B>  --
<B><font color = 'blue'> .</font></B>  --
<B><font color = 'blue'> .</font></B>  --
<B><font color = 'blue'> .</font></B>  --
<B><font color = 'blue'> .</font></B>  -0
<B><font color = 'blue'> .</font></B>  -0
<B><font color = 'blue'> .</font></B>  -0
<B><font color = 'blue'> .</font></B>  -0
<B><font color = 'blue'> .</font></B>  -0
<B><font color = 'blue'> .</font></B>  -0
<B><font color = 'blue'> .</font></B>  -Kaveri id
<B><font color = 'blue'> .</font></B>  -Bangalore
<B><font color = 'blue'> .</font></B>  -testing
<B><font color = 'blue'> .</font></B>  -1234
<B><font color = 'blue'> .</font></B>  --
<B><font color = 'blue'> .</font></B>  --
<B><font color = 'blue'> .</font></B>  --
<B><font color = 'blue'> .</font></B>  --
<B><font color = 'blue'> .</font></B>  --
<B><font color = 'blue'> .</font></B>  --
<B><font color = 'blue'> .</font></B>  --
<B><font color = 'blue'> .</font></B>  --
<B><font color = 'blue'> .</font></B>  --
<B><font color = 'blue'> .</font></B>  --
<B><font color = 'blue'> .</font></B>  --
<B><font color = 'blue'> .</font></B>  --
<B><font color = 'blue'> .</font></B>  --
<B><font color = 'blue'> .</font></B>  --
<B><font color = 'blue'> .</font></B>  --
<B><font color = 'blue'> .</font></B>  --
<B><font color = 'blue'> .</font></B>  --
<B><font color = 'blue'> .</font></B>  --
<B><font color = 'blue'> .</font></B>  --
<B><font color = 'blue'> .</font></B>  --
<B><font color = 'blue'> .</font></B>  --
<B><font color = 'blue'> .</font></B>  --
<B><font color = 'blue'> .</font></B>  --
<B><font color = 'blue'> .</font></B>  --
<B><font color = 'blue'> .</font></B>  --
<B><font color = 'blue'> .</font></B>  --
<B><font color = 'blue'> .</font></B>  --
<B><font color = 'blue'> .</font></B>  --
<B><font color = 'blue'> .</font></B>  --
<B><font color = 'blue'> .</font></B>  --
<B><font color = 'blue'> .</font></B>  --
<B><font color = 'blue'> .</font></B>  -0
<B><font color = 'blue'> .</font></B>  -0
<B><font color = 'blue'> .</font></B>  -0
<B><font color = 'blue'> .</font></B>  -0
<B><font color = 'blue'> .</font></B>  -0
<B><font color = 'blue'> .</font></B>  -0
<B><font color = 'blue'> .</font></B>  -empdemoe testing
<B><font color = 'blue'> .</font></B>  -Tamilnaduu
<B><font color = 'blue'> .</font></B>  -Test and Dev
<B><font color = 'blue'> .</font></B>  -123251
<B><font color = 'blue'> .</font></B>  --
<B><font color = 'blue'> .</font></B>  --
<B><font color = 'blue'> .</font></B>  --
<B><font color = 'blue'> .</font></B>  --
<B><font color = 'blue'> .</font></B>  --
<B><font color = 'blue'> .</font></B>  --
<B><font color = 'blue'> .</font></B>  --
<B><font color = 'blue'> .</font></B>  --
<B><font color = 'blue'> .</font></B>  --
<B><font color = 'blue'> .</font></B>  --
<B><font color = 'blue'> .</font></B>  --
<B><font color = 'blue'> .</font></B>  --
<B><font color = 'blue'> .</font></B>  --
<B><font color = 'blue'> .</font></B>  --
<B><font color = 'blue'> .</font></B>  --
<B><font color = 'blue'> .</font></B>  --
<B><font color = 'blue'> .</font></B>  --
<B><font color = 'blue'> .</font></B>  --
<B><font color = 'blue'> .</font></B>  --
<B><font color = 'blue'> .</font></B>  --
<B><font color = 'blue'> .</font></B>  --
<B><font color = 'blue'> .</font></B>  --
<B><font color = 'blue'> .</font></B>  --
<B><font color = 'blue'> .</font></B>  --
<B><font color = 'blue'> .</font></B>  --
<B><font color = 'blue'> .</font></B>  --
<B><font color = 'blue'> .</font></B>  --
<B><font color = 'blue'> .</font></B>  --
<B><font color = 'blue'> .</font></B>  --
<B><font color = 'blue'> .</font></B>  --
<B><font color = 'blue'> .</font></B>  --
<B><font color = 'blue'> .</font></B>  -0
<B><font color = 'blue'> .</font></B>  -0
<B><font color = 'blue'> .</font></B>  -0
<B><font color = 'blue'> .</font></B>  -0
<B><font color = 'blue'> .</font></B>  -0
<B><font color = 'blue'> .</font></B>  -0
<B><font color = 'blue'> .</font></B>  -naveen test
<B><font color = 'blue'> .</font></B>  -Tamilnaduu
<B><font color = 'blue'> .</font></B>  -Test and Dev
<B><font color = 'blue'> .</font></B>  -32154ff
<B><font color = 'blue'> .</font></B>  --
<B><font color = 'blue'> .</font></B>  --
<B><font color = 'blue'> .</font></B>  --
<B><font color = 'blue'> .</font></B>  --
<B><font color = 'blue'> .</font></B>  --
<B><font color = 'blue'> .</font></B>  --
<B><font color = 'blue'> .</font></B>  --
<B><font color = 'blue'> .</font></B>  --
<B><font color = 'blue'> .</font></B>  --
<B><font color = 'blue'> .</font></B>  --
<B><font color = 'blue'> .</font></B>  --
<B><font color = 'blue'> .</font></B>  --
<B><font color = 'blue'> .</font></B>  --
<B><font color = 'blue'> .</font></B>  --
<B><font color = 'blue'> .</font></B>  --
<B><font color = 'blue'> .</font></B>  --
<B><font color = 'blue'> .</font></B>  --
<B><font color = 'blue'> .</font></B>  --
<B><font color = 'blue'> .</font></B>  --
<B><font color = 'blue'> .</font></B>  --
<B><font color = 'blue'> .</font></B>  --
<B><font color = 'blue'> .</font></B>  --
<B><font color = 'blue'> .</font></B>  --
<B><font color = 'blue'> .</font></B>  --
<B><font color = 'blue'> .</font></B>  --
<B><font color = 'blue'> .</font></B>  --
<B><font color = 'blue'> .</font></B>  --
<B><font color = 'blue'> .</font></B>  --
<B><font color = 'blue'> .</font></B>  --
<B><font color = 'blue'> .</font></B>  --
<B><font color = 'blue'> .</font></B>  --
<B><font color = 'blue'> .</font></B>  -0
<B><font color = 'blue'> .</font></B>  -0
<B><font color = 'blue'> .</font></B>  -0
<B><font color = 'blue'> .</font></B>  -0
<B><font color = 'blue'> .</font></B>  -0
<B><font color = 'blue'> .</font></B>  -0
<B><font color = 'blue'> .</font></B>  -kali testing
<B><font color = 'blue'> .</font></B>  -Tamilnaduu
<B><font color = 'blue'> .</font></B>  -Test and Dev
<B><font color = 'blue'> .</font></B>  -123251hh
<B><font color = 'blue'> .</font></B>  --
<B><font color = 'blue'> .</font></B>  --
<B><font color = 'blue'> .</font></B>  --
<B><font color = 'blue'> .</font></B>  --
<B><font color = 'blue'> .</font></B>  --
<B><font color = 'blue'> .</font></B>  --
<B><font color = 'blue'> .</font></B>  --
<B><font color = 'blue'> .</font></B>  --
<B><font color = 'blue'> .</font></B>  --
<B><font color = 'blue'> .</font></B>  --
<B><font color = 'blue'> .</font></B>  --
<B><font color = 'blue'> .</font></B>  --
<B><font color = 'blue'> .</font></B>  --
<B><font color = 'blue'> .</font></B>  --
<B><font color = 'blue'> .</font></B>  --
<B><font color = 'blue'> .</font></B>  --
<B><font color = 'blue'> .</font></B>  --
<B><font color = 'blue'> .</font></B>  --
<B><font color = 'blue'> .</font></B>  --
<B><font color = 'blue'> .</font></B>  --
<B><font color = 'blue'> .</font></B>  --
<B><font color = 'blue'> .</font></B>  --
<B><font color = 'blue'> .</font></B>  --
<B><font color = 'blue'> .</font></B>  --
<B><font color = 'blue'> .</font></B>  --
<B><font color = 'blue'> .</font></B>  --
<B><font color = 'blue'> .</font></B>  --
<B><font color = 'blue'> .</font></B>  --
<B><font color = 'blue'> .</font></B>  --
<B><font color = 'blue'> .</font></B>  --
<B><font color = 'blue'> .</font></B>  --
<B><font color = 'blue'> .</font></B>  -0
<B><font color = 'blue'> .</font></B>  -0
<B><font color = 'blue'> .</font></B>  -0
<B><font color = 'blue'> .</font></B>  -0
<B><font color = 'blue'> .</font></B>  -0
<B><font color = 'blue'> .</font></B>  -0
<B><font color = 'blue'> .</font></B>  -empee test
<B><font color = 'blue'> .</font></B>  -Tamilnaduu
<B><font color = 'blue'> .</font></B>  -Test and Dev
<B><font color = 'blue'> .</font></B>  -32154nn
<B><font color = 'blue'> .</font></B>  --
<B><font color = 'blue'> .</font></B>  --
<B><font color = 'blue'> .</font></B>  --
<B><font color = 'blue'> .</font></B>  --
<B><font color = 'blue'> .</font></B>  --
<B><font color = 'blue'> .</font></B>  --
<B><font color = 'blue'> .</font></B>  --
<B><font color = 'blue'> .</font></B>  --
<B><font color = 'blue'> .</font></B>  --
<B><font color = 'blue'> .</font></B>  --
<B><font color = 'blue'> .</font></B>  --
<B><font color = 'blue'> .</font></B>  --
<B><font color = 'blue'> .</font></B>  --
<B><font color = 'blue'> .</font></B>  --
<B><font color = 'blue'> .</font></B>  --
<B><font color = 'blue'> .</font></B>  --
<B><font color = 'blue'> .</font></B>  --
<B><font color = 'blue'> .</font></B>  --
<B><font color = 'blue'> .</font></B>  --
<B><font color = 'blue'> .</font></B>  --
<B><font color = 'blue'> .</font></B>  --
<B><font color = 'blue'> .</font></B>  --
<B><font color = 'blue'> .</font></B>  --
<B><font color = 'blue'> .</font></B>  --
<B><font color = 'blue'> .</font></B>  --
<B><font color = 'blue'> .</font></B>  --
<B><font color = 'blue'> .</font></B>  --
<B><font color = 'blue'> .</font></B>  --
<B><font color = 'blue'> .</font></B>  --
<B><font color = 'blue'> .</font></B>  --
<B><font color = 'blue'> .</font></B>  --
<B><font color = 'blue'> .</font></B>  -0
<B><font color = 'blue'> .</font></B>  -0
<B><font color = 'blue'> .</font></B>  -0
<B><font color = 'blue'> .</font></B>  -0
<B><font color = 'blue'> .</font></B>  -0
<B><font color = 'blue'> .</font></B>  -0
<B><font color = 'blue'> .</font></B>  -empdemoeeeeee testing
<B><font color = 'blue'> .</font></B>  -Tamilnaduu
<B><font color = 'blue'> .</font></B>  -Test and Dev
<B><font color = 'blue'> .</font></B>  -123251nn
<B><font color = 'blue'> .</font></B>  --
<B><font color = 'blue'> .</font></B>  --
<B><font color = 'blue'> .</font></B>  --
<B><font color = 'blue'> .</font></B>  --
<B><font color = 'blue'> .</font></B>  --
<B><font color = 'blue'> .</font></B>  --
<B><font color = 'blue'> .</font></B>  --
<B><font color = 'blue'> .</font></B>  --
<B><font color = 'blue'> .</font></B>  --
<B><font color = 'blue'> .</font></B>  --
<B><font color = 'blue'> .</font></B>  --
<B><font color = 'blue'> .</font></B>  --
<B><font color = 'blue'> .</font></B>  --
<B><font color = 'blue'> .</font></B>  --
<B><font color = 'blue'> .</font></B>  --
<B><font color = 'blue'> .</font></B>  --
<B><font color = 'blue'> .</font></B>  --
<B><font color = 'blue'> .</font></B>  --
<B><font color = 'blue'> .</font></B>  --
<B><font color = 'blue'> .</font></B>  --
<B><font color = 'blue'> .</font></B>  --
<B><font color = 'blue'> .</font></B>  --
<B><font color = 'blue'> .</font></B>  --
<B><font color = 'blue'> .</font></B>  --
<B><font color = 'blue'> .</font></B>  --
<B><font color = 'blue'> .</font></B>  --
<B><font color = 'blue'> .</font></B>  --
<B><font color = 'blue'> .</font></B>  --
<B><font color = 'blue'> .</font></B>  --
<B><font color = 'blue'> .</font></B>  --
<B><font color = 'blue'> .</font></B>  --
<B><font color = 'blue'> .</font></B>  -0
<B><font color = 'blue'> .</font></B>  -0
<B><font color = 'blue'> .</font></B>  -0
<B><font color = 'blue'> .</font></B>  -0
<B><font color = 'blue'> .</font></B>  -0
<B><font color = 'blue'> .</font></B>  -0
<B><font color = 'blue'> .</font></B>  -jithu test
<B><font color = 'blue'> .</font></B>  -Tamilnaduu
<B><font color = 'blue'> .</font></B>  -Test and Dev
<B><font color = 'blue'> .</font></B>  -32154mm
<B><font color = 'blue'> .</font></B>  --
<B><font color = 'blue'> .</font></B>  --
<B><font color = 'blue'> .</font></B>  --
<B><font color = 'blue'> .</font></B>  --
<B><font color = 'blue'> .</font></B>  --
<B><font color = 'blue'> .</font></B>  --
<B><font color = 'blue'> .</font></B>  --
<B><font color = 'blue'> .</font></B>  --
<B><font color = 'blue'> .</font></B>  --
<B><font color = 'blue'> .</font></B>  --
<B><font color = 'blue'> .</font></B>  --
<B><font color = 'blue'> .</font></B>  --
<B><font color = 'blue'> .</font></B>  --
<B><font color = 'blue'> .</font></B>  --
<B><font color = 'blue'> .</font></B>  --
<B><font color = 'blue'> .</font></B>  --
<B><font color = 'blue'> .</font></B>  --
<B><font color = 'blue'> .</font></B>  --
<B><font color = 'blue'> .</font></B>  --
<B><font color = 'blue'> .</font></B>  --
<B><font color = 'blue'> .</font></B>  --
<B><font color = 'blue'> .</font></B>  --
<B><font color = 'blue'> .</font></B>  --
<B><font color = 'blue'> .</font></B>  --
<B><font color = 'blue'> .</font></B>  --
<B><font color = 'blue'> .</font></B>  --
<B><font color = 'blue'> .</font></B>  --
<B><font color = 'blue'> .</font></B>  --
<B><font color = 'blue'> .</font></B>  --
<B><font color = 'blue'> .</font></B>  --
<B><font color = 'blue'> .</font></B>  --
<B><font color = 'blue'> .</font></B>  -0
<B><font color = 'blue'> .</font></B>  -0
<B><font color = 'blue'> .</font></B>  -0
<B><font color = 'blue'> .</font></B>  -0
<B><font color = 'blue'> .</font></B>  -0
<B><font color = 'blue'> .</font></B>  -0
<B><font color = 'blue'> .</font></B>  -rohit CODE
<B><font color = 'blue'> .</font></B>  -Tamilnaduu
<B><font color = 'blue'> .</font></B>  -Test and Dev
<B><font color = 'blue'> .</font></B>  -123251dd
<B><font color = 'blue'> .</font></B>  --
<B><font color = 'blue'> .</font></B>  --
<B><font color = 'blue'> .</font></B>  --
<B><font color = 'blue'> .</font></B>  --
<B><font color = 'blue'> .</font></B>  --
<B><font color = 'blue'> .</font></B>  --
<B><font color = 'blue'> .</font></B>  --
<B><font color = 'blue'> .</font></B>  --
<B><font color = 'blue'> .</font></B>  --
<B><font color = 'blue'> .</font></B>  --
<B><font color = 'blue'> .</font></B>  --
<B><font color = 'blue'> .</font></B>  --
<B><font color = 'blue'> .</font></B>  --
<B><font color = 'blue'> .</font></B>  --
<B><font color = 'blue'> .</font></B>  --
<B><font color = 'blue'> .</font></B>  --
<B><font color = 'blue'> .</font></B>  --
<B><font color = 'blue'> .</font></B>  --
<B><font color = 'blue'> .</font></B>  --
<B><font color = 'blue'> .</font></B>  --
<B><font color = 'blue'> .</font></B>  --
<B><font color = 'blue'> .</font></B>  --
<B><font color = 'blue'> .</font></B>  --
<B><font color = 'blue'> .</font></B>  --
<B><font color = 'blue'> .</font></B>  --
<B><font color = 'blue'> .</font></B>  --
<B><font color = 'blue'> .</font></B>  --
<B><font color = 'blue'> .</font></B>  --
<B><font color = 'blue'> .</font></B>  --
<B><font color = 'blue'> .</font></B>  --
<B><font color = 'blue'> .</font></B>  --
<B><font color = 'blue'> .</font></B>  -0
<B><font color = 'blue'> .</font></B>  -0
<B><font color = 'blue'> .</font></B>  -0
<B><font color = 'blue'> .</font></B>  -0
<B><font color = 'blue'> .</font></B>  -0
<B><font color = 'blue'> .</font></B>  -0
<B><font color = 'blue'> .</font></B>  -madhu test
<B><font color = 'blue'> .</font></B>  -Tamilnaduu
<B><font color = 'blue'> .</font></B>  -Test and Dev
<B><font color = 'blue'> .</font></B>  -32154nnh
<B><font color = 'blue'> .</font></B>  --
<B><font color = 'blue'> .</font></B>  --
<B><font color = 'blue'> .</font></B>  --
<B><font color = 'blue'> .</font></B>  --
<B><font color = 'blue'> .</font></B>  --
<B><font color = 'blue'> .</font></B>  --
<B><font color = 'blue'> .</font></B>  --
<B><font color = 'blue'> .</font></B>  --
<B><font color = 'blue'> .</font></B>  --
<B><font color = 'blue'> .</font></B>  --
<B><font color = 'blue'> .</font></B>  --
<B><font color = 'blue'> .</font></B>  --
<B><font color = 'blue'> .</font></B>  --
<B><font color = 'blue'> .</font></B>  --
<B><font color = 'blue'> .</font></B>  --
<B><font color = 'blue'> .</font></B>  --
<B><font color = 'blue'> .</font></B>  --
<B><font color = 'blue'> .</font></B>  --
<B><font color = 'blue'> .</font></B>  --
<B><font color = 'blue'> .</font></B>  --
<B><font color = 'blue'> .</font></B>  --
<B><font color = 'blue'> .</font></B>  --
<B><font color = 'blue'> .</font></B>  --
<B><font color = 'blue'> .</font></B>  --
<B><font color = 'blue'> .</font></B>  --
<B><font color = 'blue'> .</font></B>  --
<B><font color = 'blue'> .</font></B>  --
<B><font color = 'blue'> .</font></B>  --
<B><font color = 'blue'> .</font></B>  --
<B><font color = 'blue'> .</font></B>  --
<B><font color = 'blue'> .</font></B>  --
<B><font color = 'blue'> .</font></B>  -0
<B><font color = 'blue'> .</font></B>  -0
<B><font color = 'blue'> .</font></B>  -0
<B><font color = 'blue'> .</font></B>  -0
<B><font color = 'blue'> .</font></B>  -0
<B><font color = 'blue'> .</font></B>  -0
<B><font color = 'blue'> .</font></B>  -akhilesh testing
<B><font color = 'blue'> .</font></B>  -Tamilnaduu
<B><font color = 'blue'> .</font></B>  -Test and Dev
<B><font color = 'blue'> .</font></B>  -123251mjhh
<B><font color = 'blue'> .</font></B>  --
<B><font color = 'blue'> .</font></B>  --
<B><font color = 'blue'> .</font></B>  --
<B><font color = 'blue'> .</font></B>  --
<B><font color = 'blue'> .</font></B>  --
<B><font color = 'blue'> .</font></B>  --
<B><font color = 'blue'> .</font></B>  --
<B><font color = 'blue'> .</font></B>  --
<B><font color = 'blue'> .</font></B>  --
<B><font color = 'blue'> .</font></B>  --
<B><font color = 'blue'> .</font></B>  --
<B><font color = 'blue'> .</font></B>  --
<B><font color = 'blue'> .</font></B>  --
<B><font color = 'blue'> .</font></B>  --
<B><font color = 'blue'> .</font></B>  --
<B><font color = 'blue'> .</font></B>  --
<B><font color = 'blue'> .</font></B>  --
<B><font color = 'blue'> .</font></B>  --
<B><font color = 'blue'> .</font></B>  --
<B><font color = 'blue'> .</font></B>  --
<B><font color = 'blue'> .</font></B>  --
<B><font color = 'blue'> .</font></B>  --
<B><font color = 'blue'> .</font></B>  --
<B><font color = 'blue'> .</font></B>  --
<B><font color = 'blue'> .</font></B>  --
<B><font color = 'blue'> .</font></B>  --
<B><font color = 'blue'> .</font></B>  --
<B><font color = 'blue'> .</font></B>  --
<B><font color = 'blue'> .</font></B>  --
<B><font color = 'blue'> .</font></B>  --
<B><font color = 'blue'> .</font></B>  --
<B><font color = 'blue'> .</font></B>  -0
<B><font color = 'blue'> .</font></B>  -0
<B><font color = 'blue'> .</font></B>  -0
<B><font color = 'blue'> .</font></B>  -0
<B><font color = 'blue'> .</font></B>  -0
<B><font color = 'blue'> .</font></B>  -0]]>
  </system-out>
  <testcase classname="com.emp.test_cases.Admin.Page_2_Employee_Test" name="Attendance_Tool_tip_Showing" time="45.312"/>
  <system-out>
    <![CDATA[<B><font color = 'blue'>Step1 .</font></B> Clicked on Employee Module 
<B><font color = 'blue'>Step2 .</font></B> Clicked on Employee Attendance Sub-Module 
<B><font color = 'blue'>Step3 .</font></B> Move-to on present_show
<B><font color = 'blue'>Step4 .</font></B>  Move-to on absent_show
<B><font color = 'blue'>Step5 .</font></B>  Move-to on half_day_show
<B><font color = 'blue'>Step6 .</font></B> move-to on over_time
<B><font color = 'blue'>Step7 .</font></B> Move-to on day_off_show
<B><font color = 'blue'>Step8 .</font></B> Move-to on late_show]]>
  </system-out>
  <testcase classname="com.emp.test_cases.Admin.Page_2_Employee_Test" name="Employee_Notification" time="30.670"/>
  <system-out>
    <![CDATA[<B><font color = 'blue'>Step1.</font></B> Clicked on Employee Module and  Employee Notification Sub-Module 
<B><font color = 'blue'>Step2 .</font></B> Clicked on Location Drop-down and Selected Any Location 
<B><font color = 'blue'>Step3.</font></B> Clicked on Department Drop-down and Selected Any Department
<B><font color = 'blue'>Step4.</font></B> Clicked on Employee Drop-down  
<B><font color = 'blue'>Step5.</font></B> Clicked on Selected Any Employee
<B><font color = 'blue'>Step6.</font></B> Clicked on Calendar and Selected Day's
<B><font color = 'blue'>Step7.</font></B> Clicked on Last-month
<B><font color = 'blue'>Step8.</font></B> Clicked on CSV Button
<B><font color = 'blue'>Step9.</font></B> Clicked on PDF Button]]>
  </system-out>
  <testcase classname="com.emp.test_cases.Admin.Page_2_Employee_Test" name="Employee_Insights" time="29.321"/>
  <system-out>
    <![CDATA[<B><font color = 'blue'>Step1 .</font></B> Clicked on Employee Module and Selected  Employee-insights Sub-Module 
<B><font color = 'blue'>Step2 .</font></B> Clicked on Month-year Calendar Pop-up
<B><font color = 'blue'>Step3 .</font></B> Clicked on Roles Drop-down and Selected Any Role 
<B><font color = 'blue'>Step4 .</font></B> Clicked on Location Drop-down and Select Any Location 
<B><font color = 'blue'>Step5.</font></B> Clicked on Department Drop-down and Selected Any Department
<B><font color = 'blue'>Step6.</font></B> Clicked on Employee Drop-down and Selected Any Employee]]>
  </system-out>
</testsuite> <!-- com.emp.test_cases.Admin.Page_2_Employee_Test -->
